2024-05-10 18:22:57,837 - train - INFO - Log directory: /DATA/suhanilala/train_output/train/train-14
2024-05-10 18:22:57,838 - train - INFO - Args: {
    "cache_dataloaders": false,
    "cl_decay_steps": 3000,
    "model_name":"cnnlstm"
    "cuda": true,
    "data_augment": true,
    "dcgru_activation": "tanh",
    "device": "cpu",
    "do_train": true,
    "dropout": 0.5,
    "eval_every": 1,
    "filter_type": "dual_random_walk",
    "fine_tune": false,
    "gnn_type": "gcn",
    "graph_type": "individual",
    "input_dim": 100,
    "input_dir": "/DATA/suhanilala/resampled",
    "l2_wd": 0.0005,
    "load_model_path": null,
    "lr_init": 0.0002,
    "max_diffusion_step": 2,
    "max_grad_norm": 5.0,
    "max_seq_len": 60,
    "maximize_metric": true,
    "metric_avg": "weighted",
    "metric_name": "F1",
    "num_classes": 4,
    "num_epochs": 60,
    "num_nodes": 19,
    "num_rnn_layers": 2,
    "num_workers": 8,
    "output_dim": 100,
    "output_seq_len": 12,
    "patience": 5,
    "preproc_dir": "/DATA/suhanilala/preprocessed/clipLen60_timeStepSize1",
    "pretrained_num_rnn_layers": 3,
    "rand_seed": 123,
    "raw_data_dir": "/DATA/suhanilala/the-tuh-eeg-seizure-corpus-tusz-v152/edf",
    "rnn_units": 64,
    "sampled_train": false,
    "save_dir": "/DATA/suhanilala/train_output/train/train-14",
    "task": "classification",
    "test_batch_size": 128,
    "time_step_size": 1,
    "top_k": 3,
    "train_batch_size": 40,
    "train_sampling_ratio": 0.8,
    "use_curriculum_learning": false,
    "use_fft": true,
    "use_wandb": false
}
2024-05-10 18:22:57,870 - train - INFO - Total number of trainable parameters: 5976548
2024-05-10 18:22:59,881 - train - INFO - Saver will maximize F1...
2024-05-10 18:22:59,882 - train - INFO - Training...
2024-05-10 18:22:59,882 - train - INFO - Starting epoch 1...
2024-05-10 18:23:11,177 - train - INFO - Evaluating at epoch 1...
2024-05-10 18:23:13,490 - train - INFO - New best checkpoint at epoch 1...
2024-05-10 18:23:13,491 - train - INFO - Dev loss: 0.724, acc: 0.744, F1: 0.635, recall: 0.744, precision: 0.554, best_thresh: 0.500
2024-05-10 18:23:13,491 - train - INFO - Visualizing in TensorBoard...
2024-05-10 18:23:13,491 - train - INFO - Starting epoch 2...
2024-05-10 18:23:23,290 - train - INFO - Evaluating at epoch 2...
2024-05-10 18:23:26,258 - train - INFO - New best checkpoint at epoch 2...
2024-05-10 18:23:26,259 - train - INFO - Dev loss: 0.717, acc: 0.744, F1: 0.635, recall: 0.744, precision: 0.554, best_thresh: 0.500
2024-05-10 18:23:26,259 - train - INFO - Visualizing in TensorBoard...
2024-05-10 18:23:26,262 - train - INFO - Starting epoch 3...
2024-05-10 18:23:36,341 - train - INFO - Evaluating at epoch 3...
2024-05-10 18:23:39,346 - train - INFO - New best checkpoint at epoch 3...
2024-05-10 18:23:39,347 - train - INFO - Dev loss: 0.705, acc: 0.744, F1: 0.635, recall: 0.744, precision: 0.554, best_thresh: 0.500
2024-05-10 18:23:39,347 - train - INFO - Visualizing in TensorBoard...
2024-05-10 18:23:39,350 - train - INFO - Starting epoch 4...
2024-05-10 18:23:49,215 - train - INFO - Evaluating at epoch 4...
2024-05-10 18:23:52,177 - train - INFO - New best checkpoint at epoch 4...
2024-05-10 18:23:52,178 - train - INFO - Dev loss: 0.688, acc: 0.744, F1: 0.635, recall: 0.744, precision: 0.554, best_thresh: 0.500
2024-05-10 18:23:52,178 - train - INFO - Visualizing in TensorBoard...
2024-05-10 18:23:52,179 - train - INFO - Starting epoch 5...
2024-05-10 18:24:02,268 - train - INFO - Evaluating at epoch 5...
2024-05-10 18:24:05,290 - train - INFO - New best checkpoint at epoch 5...
2024-05-10 18:24:05,290 - train - INFO - Dev loss: 0.670, acc: 0.744, F1: 0.635, recall: 0.744, precision: 0.554, best_thresh: 0.500
2024-05-10 18:24:05,291 - train - INFO - Visualizing in TensorBoard...
2024-05-10 18:24:05,294 - train - INFO - Starting epoch 6...
2024-05-10 18:24:15,221 - train - INFO - Evaluating at epoch 6...
2024-05-10 18:24:18,253 - train - INFO - New best checkpoint at epoch 6...
2024-05-10 18:24:18,253 - train - INFO - Dev loss: 0.654, acc: 0.744, F1: 0.635, recall: 0.744, precision: 0.554, best_thresh: 0.500
2024-05-10 18:24:18,254 - train - INFO - Visualizing in TensorBoard...
2024-05-10 18:24:18,255 - train - INFO - Starting epoch 7...
2024-05-10 18:24:28,152 - train - INFO - Evaluating at epoch 7...
2024-05-10 18:24:31,163 - train - INFO - New best checkpoint at epoch 7...
2024-05-10 18:24:31,164 - train - INFO - Dev loss: 0.646, acc: 0.742, F1: 0.641, recall: 0.742, precision: 0.564, best_thresh: 0.500
2024-05-10 18:24:31,164 - train - INFO - Visualizing in TensorBoard...
2024-05-10 18:24:31,165 - train - INFO - Starting epoch 8...
2024-05-10 18:24:41,077 - train - INFO - Evaluating at epoch 8...
2024-05-10 18:24:44,068 - train - INFO - New best checkpoint at epoch 8...
2024-05-10 18:24:44,069 - train - INFO - Dev loss: 0.635, acc: 0.764, F1: 0.692, recall: 0.764, precision: 0.705, best_thresh: 0.500
2024-05-10 18:24:44,069 - train - INFO - Visualizing in TensorBoard...
2024-05-10 18:24:44,071 - train - INFO - Starting epoch 9...
2024-05-10 18:24:53,978 - train - INFO - Evaluating at epoch 9...
2024-05-10 18:24:56,949 - train - INFO - New best checkpoint at epoch 9...
2024-05-10 18:24:56,949 - train - INFO - Dev loss: 0.625, acc: 0.778, F1: 0.727, recall: 0.778, precision: 0.736, best_thresh: 0.500
2024-05-10 18:24:56,950 - train - INFO - Visualizing in TensorBoard...
2024-05-10 18:24:56,952 - train - INFO - Starting epoch 10...
2024-05-10 18:25:06,873 - train - INFO - Evaluating at epoch 10...
2024-05-10 18:25:09,457 - train - INFO - Dev loss: 0.619, acc: 0.780, F1: 0.719, recall: 0.780, precision: 0.759, best_thresh: 0.500
2024-05-10 18:25:09,457 - train - INFO - Visualizing in TensorBoard...
2024-05-10 18:25:09,460 - train - INFO - Starting epoch 11...
2024-05-10 18:25:19,387 - train - INFO - Evaluating at epoch 11...
2024-05-10 18:25:21,956 - train - INFO - Dev loss: 0.614, acc: 0.778, F1: 0.724, recall: 0.778, precision: 0.746, best_thresh: 0.500
2024-05-10 18:25:21,957 - train - INFO - Visualizing in TensorBoard...
2024-05-10 18:25:21,960 - train - INFO - Starting epoch 12...
2024-05-10 18:25:31,873 - train - INFO - Evaluating at epoch 12...
2024-05-10 18:25:34,847 - train - INFO - New best checkpoint at epoch 12...
2024-05-10 18:25:34,847 - train - INFO - Dev loss: 0.606, acc: 0.796, F1: 0.758, recall: 0.796, precision: 0.784, best_thresh: 0.500
2024-05-10 18:25:34,847 - train - INFO - Visualizing in TensorBoard...
2024-05-10 18:25:34,850 - train - INFO - Starting epoch 13...
2024-05-10 18:25:44,796 - train - INFO - Evaluating at epoch 13...
2024-05-10 18:25:47,793 - train - INFO - New best checkpoint at epoch 13...
2024-05-10 18:25:47,794 - train - INFO - Dev loss: 0.599, acc: 0.780, F1: 0.768, recall: 0.780, precision: 0.768, best_thresh: 0.500
2024-05-10 18:25:47,794 - train - INFO - Visualizing in TensorBoard...
2024-05-10 18:25:47,796 - train - INFO - Starting epoch 14...
2024-05-10 18:25:57,779 - train - INFO - Evaluating at epoch 14...
2024-05-10 18:26:00,371 - train - INFO - Dev loss: 0.596, acc: 0.793, F1: 0.753, recall: 0.793, precision: 0.762, best_thresh: 0.500
2024-05-10 18:26:00,372 - train - INFO - Visualizing in TensorBoard...
2024-05-10 18:26:00,373 - train - INFO - Starting epoch 15...
2024-05-10 18:26:10,333 - train - INFO - Evaluating at epoch 15...
2024-05-10 18:26:12,932 - train - INFO - Dev loss: 0.605, acc: 0.764, F1: 0.690, recall: 0.764, precision: 0.709, best_thresh: 0.500
2024-05-10 18:26:12,933 - train - INFO - Visualizing in TensorBoard...
2024-05-10 18:26:12,935 - train - INFO - Starting epoch 16...
2024-05-10 18:26:22,904 - train - INFO - Evaluating at epoch 16...
2024-05-10 18:26:25,504 - train - INFO - Dev loss: 0.604, acc: 0.789, F1: 0.735, recall: 0.789, precision: 0.776, best_thresh: 0.500
2024-05-10 18:26:25,505 - train - INFO - Visualizing in TensorBoard...
2024-05-10 18:26:25,507 - train - INFO - Starting epoch 17...
2024-05-10 18:26:35,488 - train - INFO - Evaluating at epoch 17...
2024-05-10 18:26:38,129 - train - INFO - Dev loss: 0.604, acc: 0.789, F1: 0.746, recall: 0.789, precision: 0.752, best_thresh: 0.500
2024-05-10 18:26:38,130 - train - INFO - Visualizing in TensorBoard...
2024-05-10 18:26:38,132 - train - INFO - Starting epoch 18...
2024-05-10 18:26:48,118 - train - INFO - Evaluating at epoch 18...
2024-05-10 18:26:50,761 - train - INFO - Dev loss: 0.604, acc: 0.784, F1: 0.751, recall: 0.784, precision: 0.754, best_thresh: 0.500
2024-05-10 18:26:50,761 - train - INFO - Visualizing in TensorBoard...
2024-05-10 18:26:50,764 - train - INFO - Starting epoch 19...
2024-05-10 18:27:00,922 - train - INFO - Evaluating at epoch 19...
2024-05-10 18:27:03,529 - train - INFO - Dev loss: 0.601, acc: 0.782, F1: 0.761, recall: 0.782, precision: 0.755, best_thresh: 0.500
2024-05-10 18:27:03,530 - train - INFO - Visualizing in TensorBoard...
2024-05-10 18:27:03,532 - train - INFO - Starting epoch 20...
2024-05-10 18:27:13,573 - train - INFO - Evaluating at epoch 20...
2024-05-10 18:27:16,165 - train - INFO - Dev loss: 0.603, acc: 0.793, F1: 0.759, recall: 0.793, precision: 0.759, best_thresh: 0.500
2024-05-10 18:27:16,165 - train - INFO - Visualizing in TensorBoard...
2024-05-10 18:27:16,167 - train - INFO - Starting epoch 21...
2024-05-10 18:27:26,193 - train - INFO - Evaluating at epoch 21...
2024-05-10 18:27:28,836 - train - INFO - Dev loss: 0.606, acc: 0.776, F1: 0.725, recall: 0.776, precision: 0.735, best_thresh: 0.500
2024-05-10 18:27:28,836 - train - INFO - Visualizing in TensorBoard...
2024-05-10 18:27:28,839 - train - INFO - Starting epoch 22...
2024-05-10 18:27:38,846 - train - INFO - Evaluating at epoch 22...
2024-05-10 18:27:41,428 - train - INFO - Dev loss: 0.606, acc: 0.793, F1: 0.758, recall: 0.793, precision: 0.773, best_thresh: 0.500
2024-05-10 18:27:41,428 - train - INFO - Visualizing in TensorBoard...
2024-05-10 18:27:41,430 - train - INFO - Starting epoch 23...
2024-05-10 18:27:51,413 - train - INFO - Evaluating at epoch 23...
2024-05-10 18:27:54,042 - train - INFO - Dev loss: 0.607, acc: 0.789, F1: 0.747, recall: 0.789, precision: 0.749, best_thresh: 0.500
2024-05-10 18:27:54,042 - train - INFO - Visualizing in TensorBoard...
2024-05-10 18:27:54,045 - train - INFO - Starting epoch 24...
2024-05-10 18:28:04,073 - train - INFO - Evaluating at epoch 24...
2024-05-10 18:28:06,709 - train - INFO - Dev loss: 0.609, acc: 0.798, F1: 0.754, recall: 0.798, precision: 0.767, best_thresh: 0.500
2024-05-10 18:28:06,709 - train - INFO - Visualizing in TensorBoard...
2024-05-10 18:28:06,712 - train - INFO - Starting epoch 25...
2024-05-10 18:28:16,907 - train - INFO - Evaluating at epoch 25...
2024-05-10 18:28:19,531 - train - INFO - Dev loss: 0.610, acc: 0.789, F1: 0.756, recall: 0.789, precision: 0.751, best_thresh: 0.500
2024-05-10 18:28:19,532 - train - INFO - Visualizing in TensorBoard...
2024-05-10 18:28:19,534 - train - INFO - Starting epoch 26...
2024-05-10 18:28:30,018 - train - INFO - Evaluating at epoch 26...
2024-05-10 18:28:32,624 - train - INFO - Dev loss: 0.610, acc: 0.791, F1: 0.761, recall: 0.791, precision: 0.756, best_thresh: 0.500
2024-05-10 18:28:32,624 - train - INFO - Visualizing in TensorBoard...
2024-05-10 18:28:32,626 - train - INFO - Starting epoch 27...
2024-05-10 18:28:42,912 - train - INFO - Evaluating at epoch 27...
2024-05-10 18:28:45,603 - train - INFO - Dev loss: 0.611, acc: 0.780, F1: 0.751, recall: 0.780, precision: 0.743, best_thresh: 0.500
2024-05-10 18:28:45,604 - train - INFO - Visualizing in TensorBoard...
2024-05-10 18:28:45,659 - train - INFO - Training DONE. Evaluating model...
2024-05-10 18:28:48,023 - train - INFO - DEV set prediction results: loss: 0.504, acc: 0.780, F1: 0.768, recall: 0.780, precision: 0.768, best_thresh: 0.500
2024-05-10 18:28:50,397 - train - INFO - TEST set prediction results: loss: 0.716, acc: 0.710, F1: 0.711, recall: 0.710, precision: 0.715, best_thresh: 0.500
