2024-05-10 20:14:57,984 - train - INFO - Log directory: /DATA/suhanilala/train_output/train/train-17
2024-05-10 20:14:57,985 - train - INFO - Args: {
    "cache_dataloaders": false,
    "cl_decay_steps": 3000,
    "cuda": true,
    "data_augment": true,
    "dcgru_activation": "tanh",
    "device": "cpu",
    "do_train": true,
    "dropout": 0.5,
    "eval_every": 1,
    "filter_type": "dual_random_walk",
    "fine_tune": false,
    "gnn_type": "gcn",
    "graph_type": "individual",
    "input_dim": 100,
    "input_dir": "/DATA/suhanilala/resampled",
    "l2_wd": 0.0005,
    "load_model_path": null,
    "lr_init": 0.0002,
    "max_diffusion_step": 2,
    "max_grad_norm": 5.0,
    "max_seq_len": 60,
    "maximize_metric": true,
    "metric_avg": "weighted",
    "metric_name": "F1",
    "num_classes": 4,
    "num_epochs": 30,
    "num_nodes": 19,
    "num_rnn_layers": 2,
    "num_workers": 8,
    "output_dim": 100,
    "output_seq_len": 12,
    "patience": 5,
    "preproc_dir": "/DATA/suhanilala/preprocessed/clipLen60_timeStepSize1",
    "pretrained_num_rnn_layers": 3,
    "rand_seed": 123,
    "raw_data_dir": "/DATA/suhanilala/the-tuh-eeg-seizure-corpus-tusz-v152/edf",
    "rnn_units": 64,
    "sampled_train": false,
    "save_dir": "/DATA/suhanilala/train_output/train/train-17",
    "task": "classification",
    "test_batch_size": 128,
    "time_step_size": 1,
    "top_k": 3,
    "train_batch_size": 40,
    "train_sampling_ratio": 0.8,
    "use_curriculum_learning": false,
    "use_fft": true,
    "use_wandb": false
}
2024-05-10 20:14:58,018 - train - INFO - Total number of trainable parameters: 5976676
2024-05-10 20:15:00,042 - train - INFO - Saver will maximize F1...
2024-05-10 20:15:00,043 - train - INFO - Training...
2024-05-10 20:15:00,043 - train - INFO - Starting epoch 1...
2024-05-10 20:15:11,186 - train - INFO - Evaluating at epoch 1...
2024-05-10 20:15:13,604 - train - INFO - New best checkpoint at epoch 1...
2024-05-10 20:15:13,605 - train - INFO - Dev loss: 0.720, acc: 0.744, F1: 0.635, recall: 0.744, precision: 0.554, best_thresh: 0.500
2024-05-10 20:15:13,605 - train - INFO - Visualizing in TensorBoard...
2024-05-10 20:15:13,606 - train - INFO - Starting epoch 2...
2024-05-10 20:15:23,561 - train - INFO - Evaluating at epoch 2...
2024-05-10 20:15:26,481 - train - INFO - New best checkpoint at epoch 2...
2024-05-10 20:15:26,482 - train - INFO - Dev loss: 0.721, acc: 0.744, F1: 0.635, recall: 0.744, precision: 0.554, best_thresh: 0.500
2024-05-10 20:15:26,482 - train - INFO - Visualizing in TensorBoard...
2024-05-10 20:15:26,485 - train - INFO - Starting epoch 3...
2024-05-10 20:15:36,229 - train - INFO - Evaluating at epoch 3...
2024-05-10 20:15:39,174 - train - INFO - New best checkpoint at epoch 3...
2024-05-10 20:15:39,175 - train - INFO - Dev loss: 0.720, acc: 0.744, F1: 0.635, recall: 0.744, precision: 0.554, best_thresh: 0.500
2024-05-10 20:15:39,175 - train - INFO - Visualizing in TensorBoard...
2024-05-10 20:15:39,177 - train - INFO - Starting epoch 4...
2024-05-10 20:15:48,930 - train - INFO - Evaluating at epoch 4...
2024-05-10 20:15:51,850 - train - INFO - New best checkpoint at epoch 4...
2024-05-10 20:15:51,850 - train - INFO - Dev loss: 0.715, acc: 0.744, F1: 0.635, recall: 0.744, precision: 0.554, best_thresh: 0.500
2024-05-10 20:15:51,850 - train - INFO - Visualizing in TensorBoard...
2024-05-10 20:15:51,852 - train - INFO - Starting epoch 5...
2024-05-10 20:16:01,625 - train - INFO - Evaluating at epoch 5...
2024-05-10 20:16:04,573 - train - INFO - New best checkpoint at epoch 5...
2024-05-10 20:16:04,574 - train - INFO - Dev loss: 0.707, acc: 0.744, F1: 0.635, recall: 0.744, precision: 0.554, best_thresh: 0.500
2024-05-10 20:16:04,574 - train - INFO - Visualizing in TensorBoard...
2024-05-10 20:16:04,576 - train - INFO - Starting epoch 6...
2024-05-10 20:16:14,369 - train - INFO - Evaluating at epoch 6...
2024-05-10 20:16:17,338 - train - INFO - New best checkpoint at epoch 6...
2024-05-10 20:16:17,339 - train - INFO - Dev loss: 0.700, acc: 0.744, F1: 0.635, recall: 0.744, precision: 0.554, best_thresh: 0.500
2024-05-10 20:16:17,339 - train - INFO - Visualizing in TensorBoard...
2024-05-10 20:16:17,342 - train - INFO - Starting epoch 7...
2024-05-10 20:16:27,180 - train - INFO - Evaluating at epoch 7...
2024-05-10 20:16:30,068 - train - INFO - New best checkpoint at epoch 7...
2024-05-10 20:16:30,069 - train - INFO - Dev loss: 0.697, acc: 0.744, F1: 0.635, recall: 0.744, precision: 0.554, best_thresh: 0.500
2024-05-10 20:16:30,069 - train - INFO - Visualizing in TensorBoard...
2024-05-10 20:16:30,071 - train - INFO - Starting epoch 8...
2024-05-10 20:16:39,895 - train - INFO - Evaluating at epoch 8...
2024-05-10 20:16:42,784 - train - INFO - New best checkpoint at epoch 8...
2024-05-10 20:16:42,784 - train - INFO - Dev loss: 0.684, acc: 0.760, F1: 0.675, recall: 0.760, precision: 0.672, best_thresh: 0.500
2024-05-10 20:16:42,785 - train - INFO - Visualizing in TensorBoard...
2024-05-10 20:16:42,786 - train - INFO - Starting epoch 9...
2024-05-10 20:16:52,645 - train - INFO - Evaluating at epoch 9...
2024-05-10 20:16:55,159 - train - INFO - Dev loss: 0.683, acc: 0.751, F1: 0.657, recall: 0.751, precision: 0.622, best_thresh: 0.500
2024-05-10 20:16:55,160 - train - INFO - Visualizing in TensorBoard...
2024-05-10 20:16:55,162 - train - INFO - Starting epoch 10...
2024-05-10 20:17:05,031 - train - INFO - Evaluating at epoch 10...
2024-05-10 20:17:07,587 - train - INFO - Dev loss: 0.689, acc: 0.744, F1: 0.642, recall: 0.744, precision: 0.564, best_thresh: 0.500
2024-05-10 20:17:07,587 - train - INFO - Visualizing in TensorBoard...
2024-05-10 20:17:07,589 - train - INFO - Starting epoch 11...
2024-05-10 20:17:17,515 - train - INFO - Evaluating at epoch 11...
2024-05-10 20:17:20,453 - train - INFO - New best checkpoint at epoch 11...
2024-05-10 20:17:20,454 - train - INFO - Dev loss: 0.682, acc: 0.780, F1: 0.715, recall: 0.780, precision: 0.717, best_thresh: 0.500
2024-05-10 20:17:20,454 - train - INFO - Visualizing in TensorBoard...
2024-05-10 20:17:20,456 - train - INFO - Starting epoch 12...
2024-05-10 20:17:30,389 - train - INFO - Evaluating at epoch 12...
2024-05-10 20:17:33,361 - train - INFO - New best checkpoint at epoch 12...
2024-05-10 20:17:33,361 - train - INFO - Dev loss: 0.672, acc: 0.787, F1: 0.735, recall: 0.787, precision: 0.726, best_thresh: 0.500
2024-05-10 20:17:33,361 - train - INFO - Visualizing in TensorBoard...
2024-05-10 20:17:33,363 - train - INFO - Starting epoch 13...
2024-05-10 20:17:43,221 - train - INFO - Evaluating at epoch 13...
2024-05-10 20:17:45,798 - train - INFO - Dev loss: 0.667, acc: 0.771, F1: 0.697, recall: 0.771, precision: 0.698, best_thresh: 0.500
2024-05-10 20:17:45,798 - train - INFO - Visualizing in TensorBoard...
2024-05-10 20:17:45,800 - train - INFO - Starting epoch 14...
2024-05-10 20:17:55,733 - train - INFO - Evaluating at epoch 14...
2024-05-10 20:17:58,641 - train - INFO - New best checkpoint at epoch 14...
2024-05-10 20:17:58,642 - train - INFO - Dev loss: 0.655, acc: 0.804, F1: 0.773, recall: 0.804, precision: 0.752, best_thresh: 0.500
2024-05-10 20:17:58,642 - train - INFO - Visualizing in TensorBoard...
2024-05-10 20:17:58,645 - train - INFO - Starting epoch 15...
2024-05-10 20:18:08,564 - train - INFO - Evaluating at epoch 15...
2024-05-10 20:18:11,159 - train - INFO - Dev loss: 0.646, acc: 0.776, F1: 0.715, recall: 0.776, precision: 0.704, best_thresh: 0.500
2024-05-10 20:18:11,160 - train - INFO - Visualizing in TensorBoard...
2024-05-10 20:18:11,162 - train - INFO - Starting epoch 16...
2024-05-10 20:18:21,105 - train - INFO - Evaluating at epoch 16...
2024-05-10 20:18:23,700 - train - INFO - Dev loss: 0.635, acc: 0.793, F1: 0.757, recall: 0.793, precision: 0.738, best_thresh: 0.500
2024-05-10 20:18:23,701 - train - INFO - Visualizing in TensorBoard...
2024-05-10 20:18:23,703 - train - INFO - Starting epoch 17...
2024-05-10 20:18:33,620 - train - INFO - Evaluating at epoch 17...
2024-05-10 20:18:36,203 - train - INFO - Dev loss: 0.627, acc: 0.791, F1: 0.744, recall: 0.791, precision: 0.755, best_thresh: 0.500
2024-05-10 20:18:36,204 - train - INFO - Visualizing in TensorBoard...
2024-05-10 20:18:36,206 - train - INFO - Starting epoch 18...
2024-05-10 20:18:46,173 - train - INFO - Evaluating at epoch 18...
2024-05-10 20:18:49,088 - train - INFO - New best checkpoint at epoch 18...
2024-05-10 20:18:49,089 - train - INFO - Dev loss: 0.617, acc: 0.811, F1: 0.782, recall: 0.811, precision: 0.778, best_thresh: 0.500
2024-05-10 20:18:49,089 - train - INFO - Visualizing in TensorBoard...
2024-05-10 20:18:49,091 - train - INFO - Starting epoch 19...
2024-05-10 20:18:59,058 - train - INFO - Evaluating at epoch 19...
2024-05-10 20:19:01,644 - train - INFO - Dev loss: 0.615, acc: 0.789, F1: 0.731, recall: 0.789, precision: 0.756, best_thresh: 0.500
2024-05-10 20:19:01,645 - train - INFO - Visualizing in TensorBoard...
2024-05-10 20:19:01,647 - train - INFO - Starting epoch 20...
2024-05-10 20:19:11,604 - train - INFO - Evaluating at epoch 20...
2024-05-10 20:19:14,566 - train - INFO - New best checkpoint at epoch 20...
2024-05-10 20:19:14,566 - train - INFO - Dev loss: 0.607, acc: 0.816, F1: 0.786, recall: 0.816, precision: 0.785, best_thresh: 0.500
2024-05-10 20:19:14,567 - train - INFO - Visualizing in TensorBoard...
2024-05-10 20:19:14,568 - train - INFO - Starting epoch 21...
2024-05-10 20:19:24,835 - train - INFO - Evaluating at epoch 21...
2024-05-10 20:19:27,871 - train - INFO - New best checkpoint at epoch 21...
2024-05-10 20:19:27,871 - train - INFO - Dev loss: 0.599, acc: 0.822, F1: 0.794, recall: 0.822, precision: 0.795, best_thresh: 0.500
2024-05-10 20:19:27,871 - train - INFO - Visualizing in TensorBoard...
2024-05-10 20:19:27,874 - train - INFO - Starting epoch 22...
2024-05-10 20:19:38,214 - train - INFO - Evaluating at epoch 22...
2024-05-10 20:19:40,902 - train - INFO - Dev loss: 0.592, acc: 0.822, F1: 0.789, recall: 0.822, precision: 0.799, best_thresh: 0.500
2024-05-10 20:19:40,902 - train - INFO - Visualizing in TensorBoard...
2024-05-10 20:19:40,904 - train - INFO - Starting epoch 23...
2024-05-10 20:19:51,345 - train - INFO - Evaluating at epoch 23...
2024-05-10 20:19:54,474 - train - INFO - New best checkpoint at epoch 23...
2024-05-10 20:19:54,475 - train - INFO - Dev loss: 0.584, acc: 0.829, F1: 0.809, recall: 0.829, precision: 0.799, best_thresh: 0.500
2024-05-10 20:19:54,475 - train - INFO - Visualizing in TensorBoard...
2024-05-10 20:19:54,477 - train - INFO - Starting epoch 24...
2024-05-10 20:20:04,833 - train - INFO - Evaluating at epoch 24...
2024-05-10 20:20:07,516 - train - INFO - Dev loss: 0.578, acc: 0.827, F1: 0.803, recall: 0.827, precision: 0.798, best_thresh: 0.500
2024-05-10 20:20:07,516 - train - INFO - Visualizing in TensorBoard...
2024-05-10 20:20:07,518 - train - INFO - Starting epoch 25...
2024-05-10 20:20:17,678 - train - INFO - Evaluating at epoch 25...
2024-05-10 20:20:20,278 - train - INFO - Dev loss: 0.573, acc: 0.829, F1: 0.806, recall: 0.829, precision: 0.801, best_thresh: 0.500
2024-05-10 20:20:20,279 - train - INFO - Visualizing in TensorBoard...
2024-05-10 20:20:20,281 - train - INFO - Starting epoch 26...
2024-05-10 20:20:30,516 - train - INFO - Evaluating at epoch 26...
2024-05-10 20:20:33,204 - train - INFO - Dev loss: 0.568, acc: 0.824, F1: 0.797, recall: 0.824, precision: 0.797, best_thresh: 0.500
2024-05-10 20:20:33,205 - train - INFO - Visualizing in TensorBoard...
2024-05-10 20:20:33,207 - train - INFO - Starting epoch 27...
2024-05-10 20:20:43,462 - train - INFO - Evaluating at epoch 27...
2024-05-10 20:20:46,190 - train - INFO - Dev loss: 0.564, acc: 0.827, F1: 0.802, recall: 0.827, precision: 0.800, best_thresh: 0.500
2024-05-10 20:20:46,190 - train - INFO - Visualizing in TensorBoard...
2024-05-10 20:20:46,193 - train - INFO - Starting epoch 28...
2024-05-10 20:20:56,543 - train - INFO - Evaluating at epoch 28...
2024-05-10 20:20:59,157 - train - INFO - Dev loss: 0.561, acc: 0.827, F1: 0.800, recall: 0.827, precision: 0.801, best_thresh: 0.500
2024-05-10 20:20:59,158 - train - INFO - Visualizing in TensorBoard...
2024-05-10 20:20:59,161 - train - INFO - Starting epoch 29...
2024-05-10 20:21:09,266 - train - INFO - Evaluating at epoch 29...
2024-05-10 20:21:11,964 - train - INFO - Dev loss: 0.558, acc: 0.829, F1: 0.802, recall: 0.829, precision: 0.804, best_thresh: 0.500
2024-05-10 20:21:11,964 - train - INFO - Visualizing in TensorBoard...
2024-05-10 20:21:11,967 - train - INFO - Starting epoch 30...
2024-05-10 20:21:22,163 - train - INFO - Evaluating at epoch 30...
2024-05-10 20:21:24,869 - train - INFO - Dev loss: 0.555, acc: 0.818, F1: 0.788, recall: 0.818, precision: 0.791, best_thresh: 0.500
2024-05-10 20:21:24,869 - train - INFO - Visualizing in TensorBoard...
2024-05-10 20:21:24,939 - train - INFO - Training DONE. Evaluating model...
2024-05-10 20:21:27,274 - train - INFO - DEV set prediction results: loss: 0.379, acc: 0.829, F1: 0.809, recall: 0.829, precision: 0.799, best_thresh: 0.500
2024-05-10 20:21:29,688 - train - INFO - TEST set prediction results: loss: 0.507, acc: 0.752, F1: 0.734, recall: 0.752, precision: 0.753, best_thresh: 0.500
