2024-05-10 20:05:08,999 - train - INFO - Log directory: /DATA/suhanilala/train_output/train/train-16
2024-05-10 20:05:09,000 - train - INFO - Args: {
    "cache_dataloaders": false,
    "cl_decay_steps": 3000,
    "cuda": true,
    "data_augment": true,
    "dcgru_activation": "tanh",
    "device": "cpu",
    "do_train": true,
    "dropout": 0.5,
    "eval_every": 1,
    "filter_type": "dual_random_walk",
    "fine_tune": false,
    "gnn_type": "gcn",
    "graph_type": "individual",
    "input_dim": 100,
    "input_dir": "/DATA/suhanilala/resampled",
    "l2_wd": 0.0005,
    "load_model_path": null,
    "lr_init": 0.0002,
    "max_diffusion_step": 2,
    "max_grad_norm": 5.0,
    "max_seq_len": 60,
    "maximize_metric": true,
    "metric_avg": "weighted",
    "metric_name": "F1",
    "num_classes": 4,
    "num_epochs": 30,
    "num_nodes": 19,
    "num_rnn_layers": 2,
    "num_workers": 8,
    "output_dim": 100,
    "output_seq_len": 12,
    "patience": 5,
    "preproc_dir": "/DATA/suhanilala/preprocessed/clipLen60_timeStepSize1",
    "pretrained_num_rnn_layers": 3,
    "rand_seed": 123,
    "raw_data_dir": "/DATA/suhanilala/the-tuh-eeg-seizure-corpus-tusz-v152/edf",
    "rnn_units": 64,
    "sampled_train": false,
    "save_dir": "/DATA/suhanilala/train_output/train/train-16",
    "task": "classification",
    "test_batch_size": 128,
    "time_step_size": 1,
    "top_k": 3,
    "train_batch_size": 40,
    "train_sampling_ratio": 0.8,
    "use_curriculum_learning": false,
    "use_fft": true,
    "use_wandb": false
}
2024-05-10 20:05:09,042 - train - INFO - Total number of trainable parameters: 5861220
2024-05-10 20:05:11,011 - train - INFO - Saver will maximize F1...
2024-05-10 20:05:11,011 - train - INFO - Training...
2024-05-10 20:05:11,011 - train - INFO - Starting epoch 1...
2024-05-10 20:05:19,676 - train - INFO - Evaluating at epoch 1...
2024-05-10 20:05:21,933 - train - INFO - New best checkpoint at epoch 1...
2024-05-10 20:05:21,933 - train - INFO - Dev loss: 0.703, acc: 0.744, F1: 0.635, recall: 0.744, precision: 0.554, best_thresh: 0.500
2024-05-10 20:05:21,933 - train - INFO - Visualizing in TensorBoard...
2024-05-10 20:05:21,934 - train - INFO - Starting epoch 2...
2024-05-10 20:05:29,264 - train - INFO - Evaluating at epoch 2...
2024-05-10 20:05:32,003 - train - INFO - New best checkpoint at epoch 2...
2024-05-10 20:05:32,004 - train - INFO - Dev loss: 0.669, acc: 0.744, F1: 0.635, recall: 0.744, precision: 0.554, best_thresh: 0.500
2024-05-10 20:05:32,004 - train - INFO - Visualizing in TensorBoard...
2024-05-10 20:05:32,006 - train - INFO - Starting epoch 3...
2024-05-10 20:05:39,295 - train - INFO - Evaluating at epoch 3...
2024-05-10 20:05:42,089 - train - INFO - New best checkpoint at epoch 3...
2024-05-10 20:05:42,090 - train - INFO - Dev loss: 0.666, acc: 0.744, F1: 0.635, recall: 0.744, precision: 0.554, best_thresh: 0.500
2024-05-10 20:05:42,090 - train - INFO - Visualizing in TensorBoard...
2024-05-10 20:05:42,093 - train - INFO - Starting epoch 4...
2024-05-10 20:05:49,454 - train - INFO - Evaluating at epoch 4...
2024-05-10 20:05:52,173 - train - INFO - New best checkpoint at epoch 4...
2024-05-10 20:05:52,174 - train - INFO - Dev loss: 0.642, acc: 0.753, F1: 0.651, recall: 0.753, precision: 0.581, best_thresh: 0.500
2024-05-10 20:05:52,174 - train - INFO - Visualizing in TensorBoard...
2024-05-10 20:05:52,177 - train - INFO - Starting epoch 5...
2024-05-10 20:05:59,535 - train - INFO - Evaluating at epoch 5...
2024-05-10 20:06:02,324 - train - INFO - New best checkpoint at epoch 5...
2024-05-10 20:06:02,325 - train - INFO - Dev loss: 0.616, acc: 0.816, F1: 0.781, recall: 0.816, precision: 0.799, best_thresh: 0.500
2024-05-10 20:06:02,325 - train - INFO - Visualizing in TensorBoard...
2024-05-10 20:06:02,326 - train - INFO - Starting epoch 6...
2024-05-10 20:06:09,636 - train - INFO - Evaluating at epoch 6...
2024-05-10 20:06:12,010 - train - INFO - Dev loss: 0.617, acc: 0.773, F1: 0.691, recall: 0.773, precision: 0.775, best_thresh: 0.500
2024-05-10 20:06:12,011 - train - INFO - Visualizing in TensorBoard...
2024-05-10 20:06:12,013 - train - INFO - Starting epoch 7...
2024-05-10 20:06:19,335 - train - INFO - Evaluating at epoch 7...
2024-05-10 20:06:21,708 - train - INFO - Dev loss: 0.622, acc: 0.769, F1: 0.678, recall: 0.769, precision: 0.749, best_thresh: 0.500
2024-05-10 20:06:21,709 - train - INFO - Visualizing in TensorBoard...
2024-05-10 20:06:21,710 - train - INFO - Starting epoch 8...
2024-05-10 20:06:29,206 - train - INFO - Evaluating at epoch 8...
2024-05-10 20:06:31,607 - train - INFO - Dev loss: 0.631, acc: 0.767, F1: 0.677, recall: 0.767, precision: 0.697, best_thresh: 0.500
2024-05-10 20:06:31,607 - train - INFO - Visualizing in TensorBoard...
2024-05-10 20:06:31,610 - train - INFO - Starting epoch 9...
2024-05-10 20:06:39,087 - train - INFO - Evaluating at epoch 9...
2024-05-10 20:06:41,527 - train - INFO - Dev loss: 0.627, acc: 0.780, F1: 0.753, recall: 0.780, precision: 0.750, best_thresh: 0.500
2024-05-10 20:06:41,528 - train - INFO - Visualizing in TensorBoard...
2024-05-10 20:06:41,531 - train - INFO - Starting epoch 10...
2024-05-10 20:06:48,941 - train - INFO - Evaluating at epoch 10...
2024-05-10 20:06:51,323 - train - INFO - Dev loss: 0.623, acc: 0.782, F1: 0.757, recall: 0.782, precision: 0.757, best_thresh: 0.500
2024-05-10 20:06:51,324 - train - INFO - Visualizing in TensorBoard...
2024-05-10 20:06:51,326 - train - INFO - Starting epoch 11...
2024-05-10 20:06:58,578 - train - INFO - Evaluating at epoch 11...
2024-05-10 20:07:01,376 - train - INFO - New best checkpoint at epoch 11...
2024-05-10 20:07:01,376 - train - INFO - Dev loss: 0.612, acc: 0.804, F1: 0.799, recall: 0.804, precision: 0.800, best_thresh: 0.500
2024-05-10 20:07:01,376 - train - INFO - Visualizing in TensorBoard...
2024-05-10 20:07:01,379 - train - INFO - Starting epoch 12...
2024-05-10 20:07:08,767 - train - INFO - Evaluating at epoch 12...
2024-05-10 20:07:11,178 - train - INFO - Dev loss: 0.620, acc: 0.753, F1: 0.730, recall: 0.753, precision: 0.719, best_thresh: 0.500
2024-05-10 20:07:11,179 - train - INFO - Visualizing in TensorBoard...
2024-05-10 20:07:11,182 - train - INFO - Starting epoch 13...
2024-05-10 20:07:18,505 - train - INFO - Evaluating at epoch 13...
2024-05-10 20:07:20,879 - train - INFO - Dev loss: 0.638, acc: 0.689, F1: 0.703, recall: 0.689, precision: 0.726, best_thresh: 0.500
2024-05-10 20:07:20,879 - train - INFO - Visualizing in TensorBoard...
2024-05-10 20:07:20,882 - train - INFO - Starting epoch 14...
2024-05-10 20:07:28,260 - train - INFO - Evaluating at epoch 14...
2024-05-10 20:07:30,677 - train - INFO - Dev loss: 0.651, acc: 0.747, F1: 0.746, recall: 0.747, precision: 0.751, best_thresh: 0.500
2024-05-10 20:07:30,677 - train - INFO - Visualizing in TensorBoard...
2024-05-10 20:07:30,680 - train - INFO - Starting epoch 15...
2024-05-10 20:07:38,036 - train - INFO - Evaluating at epoch 15...
2024-05-10 20:07:40,389 - train - INFO - Dev loss: 0.675, acc: 0.702, F1: 0.706, recall: 0.702, precision: 0.729, best_thresh: 0.500
2024-05-10 20:07:40,389 - train - INFO - Visualizing in TensorBoard...
2024-05-10 20:07:40,391 - train - INFO - Starting epoch 16...
2024-05-10 20:07:47,752 - train - INFO - Evaluating at epoch 16...
2024-05-10 20:07:50,154 - train - INFO - Dev loss: 0.681, acc: 0.782, F1: 0.771, recall: 0.782, precision: 0.765, best_thresh: 0.500
2024-05-10 20:07:50,154 - train - INFO - Visualizing in TensorBoard...
2024-05-10 20:07:50,237 - train - INFO - Training DONE. Evaluating model...
2024-05-10 20:07:52,295 - train - INFO - DEV set prediction results: loss: 0.477, acc: 0.804, F1: 0.799, recall: 0.804, precision: 0.800, best_thresh: 0.500
2024-05-10 20:07:54,405 - train - INFO - TEST set prediction results: loss: 0.751, acc: 0.762, F1: 0.749, recall: 0.762, precision: 0.751, best_thresh: 0.500
