2024-05-10 19:25:18,733 - train - INFO - Log directory: /DATA/suhanilala/train_output/train/train-15
2024-05-10 19:25:18,734 - train - INFO - Args: {
    "cache_dataloaders": false,
    "cl_decay_steps": 3000,
    "cuda": true,
    "data_augment": true,
    "dcgru_activation": "tanh",
    "device": "cpu",
    "do_train": true,
    "dropout": 0.5,
    "eval_every": 1,
    "filter_type": "dual_random_walk",
    "fine_tune": false,
    "gnn_type": "gcn",
    "graph_type": "individual",
    "input_dim": 100,
    "input_dir": "/DATA/suhanilala/resampled",
    "l2_wd": 0.0005,
    "load_model_path": null,
    "lr_init": 0.0002,
    "max_diffusion_step": 2,
    "max_grad_norm": 5.0,
    "max_seq_len": 60,
    "maximize_metric": true,
    "metric_avg": "weighted",
    "metric_name": "F1",
    "num_classes": 4,
    "num_epochs": 30,
    "num_nodes": 19,
    "num_rnn_layers": 2,
    "num_workers": 8,
    "output_dim": 100,
    "output_seq_len": 12,
    "patience": 5,
    "preproc_dir": "/DATA/suhanilala/preprocessed/clipLen60_timeStepSize1",
    "pretrained_num_rnn_layers": 3,
    "rand_seed": 123,
    "raw_data_dir": "/DATA/suhanilala/the-tuh-eeg-seizure-corpus-tusz-v152/edf",
    "rnn_units": 64,
    "sampled_train": false,
    "save_dir": "/DATA/suhanilala/train_output/train/train-15",
    "task": "classification",
    "test_batch_size": 128,
    "time_step_size": 1,
    "top_k": 3,
    "train_batch_size": 40,
    "train_sampling_ratio": 0.8,
    "use_curriculum_learning": false,
    "use_fft": true,
    "use_wandb": false
}
2024-05-10 19:25:18,764 - train - INFO - Total number of trainable parameters: 5517284
2024-05-10 19:25:19,933 - train - INFO - Saver will maximize F1...
2024-05-10 19:25:19,934 - train - INFO - Training...
2024-05-10 19:25:19,934 - train - INFO - Starting epoch 1...
2024-05-10 19:25:31,275 - train - INFO - Evaluating at epoch 1...
2024-05-10 19:25:33,650 - train - INFO - New best checkpoint at epoch 1...
2024-05-10 19:25:33,650 - train - INFO - Dev loss: 0.536, acc: 0.753, F1: 0.651, recall: 0.753, precision: 0.581, best_thresh: 0.500
2024-05-10 19:25:33,651 - train - INFO - Starting epoch 2...
2024-05-10 19:25:43,144 - train - INFO - Evaluating at epoch 2...
2024-05-10 19:25:45,977 - train - INFO - New best checkpoint at epoch 2...
2024-05-10 19:25:45,978 - train - INFO - Dev loss: 0.540, acc: 0.782, F1: 0.713, recall: 0.782, precision: 0.767, best_thresh: 0.500
2024-05-10 19:25:45,981 - train - INFO - Starting epoch 3...
2024-05-10 19:25:55,602 - train - INFO - Evaluating at epoch 3...
2024-05-10 19:25:58,435 - train - INFO - New best checkpoint at epoch 3...
2024-05-10 19:25:58,436 - train - INFO - Dev loss: 0.538, acc: 0.758, F1: 0.734, recall: 0.758, precision: 0.730, best_thresh: 0.500
2024-05-10 19:25:58,437 - train - INFO - Starting epoch 4...
2024-05-10 19:26:08,016 - train - INFO - Evaluating at epoch 4...
2024-05-10 19:26:10,561 - train - INFO - Dev loss: 0.543, acc: 0.778, F1: 0.704, recall: 0.778, precision: 0.796, best_thresh: 0.500
2024-05-10 19:26:10,563 - train - INFO - Starting epoch 5...
2024-05-10 19:26:20,094 - train - INFO - Evaluating at epoch 5...
2024-05-10 19:26:22,535 - train - INFO - Dev loss: 0.547, acc: 0.753, F1: 0.702, recall: 0.753, precision: 0.708, best_thresh: 0.500
2024-05-10 19:26:22,538 - train - INFO - Starting epoch 6...
2024-05-10 19:26:32,253 - train - INFO - Evaluating at epoch 6...
2024-05-10 19:26:34,788 - train - INFO - Dev loss: 0.546, acc: 0.773, F1: 0.723, recall: 0.773, precision: 0.739, best_thresh: 0.500
2024-05-10 19:26:34,791 - train - INFO - Starting epoch 7...
2024-05-10 19:26:44,520 - train - INFO - Evaluating at epoch 7...
2024-05-10 19:26:47,078 - train - INFO - Dev loss: 0.559, acc: 0.778, F1: 0.701, recall: 0.778, precision: 0.801, best_thresh: 0.500
2024-05-10 19:26:47,080 - train - INFO - Starting epoch 8...
2024-05-10 19:26:56,950 - train - INFO - Evaluating at epoch 8...
2024-05-10 19:26:59,431 - train - INFO - Dev loss: 0.575, acc: 0.771, F1: 0.698, recall: 0.771, precision: 0.729, best_thresh: 0.500
2024-05-10 19:26:59,434 - train - INFO - Starting epoch 9...
2024-05-10 19:27:09,198 - train - INFO - Evaluating at epoch 9...
2024-05-10 19:27:11,712 - train - INFO - Dev loss: 0.579, acc: 0.687, F1: 0.695, recall: 0.687, precision: 0.711, best_thresh: 0.500
2024-05-10 19:27:11,714 - train - INFO - Starting epoch 10...
2024-05-10 19:27:21,497 - train - INFO - Evaluating at epoch 10...
2024-05-10 19:27:24,402 - train - INFO - New best checkpoint at epoch 10...
2024-05-10 19:27:24,403 - train - INFO - Dev loss: 0.580, acc: 0.791, F1: 0.738, recall: 0.791, precision: 0.791, best_thresh: 0.500
2024-05-10 19:27:24,406 - train - INFO - Starting epoch 11...
2024-05-10 19:27:34,190 - train - INFO - Evaluating at epoch 11...
2024-05-10 19:27:36,739 - train - INFO - Dev loss: 0.604, acc: 0.762, F1: 0.671, recall: 0.762, precision: 0.742, best_thresh: 0.500
2024-05-10 19:27:36,790 - train - INFO - Training DONE. Evaluating model...
2024-05-10 19:27:38,983 - train - INFO - DEV set prediction results: loss: 0.580, acc: 0.791, F1: 0.738, recall: 0.791, precision: 0.791, best_thresh: 0.500
2024-05-10 19:27:41,291 - train - INFO - TEST set prediction results: loss: 0.745, acc: 0.743, F1: 0.703, recall: 0.743, precision: 0.733, best_thresh: 0.500
