2024-05-10 19:31:27,458 - train - INFO - Log directory: /DATA/suhanilala/train_output/dcrnn/train/train-64
2024-05-10 19:31:27,459 - train - INFO - Args: {
    "cache_dataloaders": false,
    "cl_decay_steps": 3000,
    "cuda": true,
    "data_augment": true,
    "dcgru_activation": "tanh",
    "device": "cpu",
    "do_train": true,
    "dropout": 0.5,
    "eval_every": 1,
    "filter_type": "dual_random_walk",
    "fine_tune": false,
    "gnn_type": "gcn",
    "graph_type": "individual",
    "input_dim": 100,
    "input_dir": "/DATA/suhanilala/resampled",
    "l2_wd": 0.0005,
    "load_model_path": null,
    "lr_init": 0.0002,
    "max_diffusion_step": 2,
    "max_grad_norm": 5.0,
    "max_seq_len": 60,
    "maximize_metric": true,
    "metric_avg": "weighted",
    "metric_name": "F1",
    "model_name": "dcrnn",
    "num_classes": 4,
    "num_epochs": 60,
    "num_nodes": 19,
    "num_rnn_layers": 2,
    "num_workers": 8,
    "output_dim": 100,
    "output_seq_len": 12,
    "patience": 5,
    "preproc_dir": "/DATA/suhanilala/preprocessed/clipLen60_timeStepSize1",
    "pretrained_num_rnn_layers": 3,
    "rand_seed": 123,
    "raw_data_dir": "/DATA/suhanilala/the-tuh-eeg-seizure-corpus-tusz-v152/edf",
    "rnn_units": 64,
    "sampled_train": false,
    "save_dir": "/DATA/suhanilala/train_output/dcrnn/train/train-64",
    "task": "classification",
    "test_batch_size": 128,
    "time_step_size": 1,
    "top_k": 3,
    "train_batch_size": 40,
    "train_sampling_ratio": 0.8,
    "use_curriculum_learning": false,
    "use_fft": true,
    "use_wandb": false
}
2024-05-10 19:31:27,459 - train - INFO - Cached dataloader path: ./cached_data/dcrnn_classification_60s_dataloader.pkl
2024-05-10 19:31:27,459 - train - INFO - Building dataset...
2024-05-10 19:31:27,602 - train - INFO - Building model...
2024-05-10 19:31:32,483 - train - INFO - Total number of trainable parameters: 280964
2024-05-10 19:31:32,484 - train - INFO - Saver will maximize F1...
2024-05-10 19:31:32,484 - train - INFO - Training...
2024-05-10 19:31:32,484 - train - INFO - Starting epoch 1...
2024-05-10 19:31:45,106 - train - INFO - Evaluating at epoch 1...
2024-05-10 19:31:47,197 - train - INFO - New best checkpoint at epoch 1...
2024-05-10 19:31:47,197 - train - INFO - Dev loss: 0.757, acc: 0.744, F1: 0.635, recall: 0.744, precision: 0.554, best_thresh: 0.500
2024-05-10 19:31:47,197 - train - INFO - Visualizing in TensorBoard...
2024-05-10 19:31:47,198 - train - INFO - Starting epoch 2...
2024-05-10 19:31:59,978 - train - INFO - Evaluating at epoch 2...
2024-05-10 19:32:02,089 - train - INFO - New best checkpoint at epoch 2...
2024-05-10 19:32:02,089 - train - INFO - Dev loss: 0.724, acc: 0.744, F1: 0.635, recall: 0.744, precision: 0.554, best_thresh: 0.500
2024-05-10 19:32:02,089 - train - INFO - Visualizing in TensorBoard...
2024-05-10 19:32:02,090 - train - INFO - Starting epoch 3...
2024-05-10 19:32:14,751 - train - INFO - Evaluating at epoch 3...
2024-05-10 19:32:16,820 - train - INFO - New best checkpoint at epoch 3...
2024-05-10 19:32:16,820 - train - INFO - Dev loss: 0.696, acc: 0.744, F1: 0.635, recall: 0.744, precision: 0.554, best_thresh: 0.500
2024-05-10 19:32:16,820 - train - INFO - Visualizing in TensorBoard...
2024-05-10 19:32:16,821 - train - INFO - Starting epoch 4...
2024-05-10 19:32:29,630 - train - INFO - Evaluating at epoch 4...
2024-05-10 19:32:31,735 - train - INFO - New best checkpoint at epoch 4...
2024-05-10 19:32:31,736 - train - INFO - Dev loss: 0.677, acc: 0.744, F1: 0.635, recall: 0.744, precision: 0.554, best_thresh: 0.500
2024-05-10 19:32:31,736 - train - INFO - Visualizing in TensorBoard...
2024-05-10 19:32:31,736 - train - INFO - Starting epoch 5...
2024-05-10 19:32:44,263 - train - INFO - Evaluating at epoch 5...
2024-05-10 19:32:46,375 - train - INFO - New best checkpoint at epoch 5...
2024-05-10 19:32:46,376 - train - INFO - Dev loss: 0.663, acc: 0.744, F1: 0.636, recall: 0.744, precision: 0.555, best_thresh: 0.500
2024-05-10 19:32:46,376 - train - INFO - Visualizing in TensorBoard...
2024-05-10 19:32:46,376 - train - INFO - Starting epoch 6...
2024-05-10 19:32:59,074 - train - INFO - Evaluating at epoch 6...
2024-05-10 19:33:01,142 - train - INFO - New best checkpoint at epoch 6...
2024-05-10 19:33:01,143 - train - INFO - Dev loss: 0.650, acc: 0.751, F1: 0.648, recall: 0.751, precision: 0.580, best_thresh: 0.500
2024-05-10 19:33:01,143 - train - INFO - Visualizing in TensorBoard...
2024-05-10 19:33:01,144 - train - INFO - Starting epoch 7...
2024-05-10 19:33:13,713 - train - INFO - Evaluating at epoch 7...
2024-05-10 19:33:15,772 - train - INFO - New best checkpoint at epoch 7...
2024-05-10 19:33:15,772 - train - INFO - Dev loss: 0.633, acc: 0.791, F1: 0.721, recall: 0.791, precision: 0.815, best_thresh: 0.500
2024-05-10 19:33:15,772 - train - INFO - Visualizing in TensorBoard...
2024-05-10 19:33:15,773 - train - INFO - Starting epoch 8...
2024-05-10 19:33:28,400 - train - INFO - Evaluating at epoch 8...
2024-05-10 19:33:30,471 - train - INFO - Dev loss: 0.628, acc: 0.782, F1: 0.692, recall: 0.782, precision: 0.827, best_thresh: 0.500
2024-05-10 19:33:30,471 - train - INFO - Visualizing in TensorBoard...
2024-05-10 19:33:30,472 - train - INFO - Starting epoch 9...
2024-05-10 19:33:43,096 - train - INFO - Evaluating at epoch 9...
2024-05-10 19:33:45,142 - train - INFO - Dev loss: 0.620, acc: 0.789, F1: 0.717, recall: 0.789, precision: 0.813, best_thresh: 0.500
2024-05-10 19:33:45,143 - train - INFO - Visualizing in TensorBoard...
2024-05-10 19:33:45,143 - train - INFO - Starting epoch 10...
2024-05-10 19:33:57,692 - train - INFO - Evaluating at epoch 10...
2024-05-10 19:33:59,768 - train - INFO - New best checkpoint at epoch 10...
2024-05-10 19:33:59,768 - train - INFO - Dev loss: 0.611, acc: 0.802, F1: 0.757, recall: 0.802, precision: 0.793, best_thresh: 0.500
2024-05-10 19:33:59,768 - train - INFO - Visualizing in TensorBoard...
2024-05-10 19:33:59,769 - train - INFO - Starting epoch 11...
2024-05-10 19:34:12,425 - train - INFO - Evaluating at epoch 11...
2024-05-10 19:34:14,480 - train - INFO - Dev loss: 0.609, acc: 0.784, F1: 0.710, recall: 0.784, precision: 0.762, best_thresh: 0.500
2024-05-10 19:34:14,480 - train - INFO - Visualizing in TensorBoard...
2024-05-10 19:34:14,481 - train - INFO - Starting epoch 12...
2024-05-10 19:34:27,330 - train - INFO - Evaluating at epoch 12...
2024-05-10 19:34:29,440 - train - INFO - Dev loss: 0.604, acc: 0.778, F1: 0.752, recall: 0.778, precision: 0.745, best_thresh: 0.500
2024-05-10 19:34:29,440 - train - INFO - Visualizing in TensorBoard...
2024-05-10 19:34:29,441 - train - INFO - Starting epoch 13...
2024-05-10 19:34:42,185 - train - INFO - Evaluating at epoch 13...
2024-05-10 19:34:44,273 - train - INFO - Dev loss: 0.603, acc: 0.771, F1: 0.702, recall: 0.771, precision: 0.720, best_thresh: 0.500
2024-05-10 19:34:44,273 - train - INFO - Visualizing in TensorBoard...
2024-05-10 19:34:44,274 - train - INFO - Starting epoch 14...
2024-05-10 19:34:56,927 - train - INFO - Evaluating at epoch 14...
2024-05-10 19:34:58,978 - train - INFO - Dev loss: 0.601, acc: 0.784, F1: 0.709, recall: 0.784, precision: 0.800, best_thresh: 0.500
2024-05-10 19:34:58,978 - train - INFO - Visualizing in TensorBoard...
2024-05-10 19:34:58,979 - train - INFO - Starting epoch 15...
2024-05-10 19:35:11,609 - train - INFO - Evaluating at epoch 15...
2024-05-10 19:35:13,670 - train - INFO - Dev loss: 0.598, acc: 0.800, F1: 0.755, recall: 0.800, precision: 0.778, best_thresh: 0.500
2024-05-10 19:35:13,670 - train - INFO - Visualizing in TensorBoard...
2024-05-10 19:35:13,671 - train - INFO - Starting epoch 16...
2024-05-10 19:35:26,153 - train - INFO - Evaluating at epoch 16...
2024-05-10 19:35:28,221 - train - INFO - Dev loss: 0.596, acc: 0.789, F1: 0.737, recall: 0.789, precision: 0.759, best_thresh: 0.500
2024-05-10 19:35:28,221 - train - INFO - Visualizing in TensorBoard...
2024-05-10 19:35:28,222 - train - INFO - Starting epoch 17...
2024-05-10 19:35:40,788 - train - INFO - Evaluating at epoch 17...
2024-05-10 19:35:42,853 - train - INFO - Dev loss: 0.596, acc: 0.778, F1: 0.695, recall: 0.778, precision: 0.784, best_thresh: 0.500
2024-05-10 19:35:42,854 - train - INFO - Visualizing in TensorBoard...
2024-05-10 19:35:42,854 - train - INFO - Starting epoch 18...
2024-05-10 19:35:55,714 - train - INFO - Evaluating at epoch 18...
2024-05-10 19:35:57,776 - train - INFO - Dev loss: 0.597, acc: 0.747, F1: 0.703, recall: 0.747, precision: 0.686, best_thresh: 0.500
2024-05-10 19:35:57,776 - train - INFO - Visualizing in TensorBoard...
2024-05-10 19:35:57,776 - train - INFO - Starting epoch 19...
2024-05-10 19:36:10,560 - train - INFO - Evaluating at epoch 19...
2024-05-10 19:36:12,623 - train - INFO - Dev loss: 0.593, acc: 0.778, F1: 0.729, recall: 0.778, precision: 0.730, best_thresh: 0.500
2024-05-10 19:36:12,624 - train - INFO - Visualizing in TensorBoard...
2024-05-10 19:36:12,624 - train - INFO - Starting epoch 20...
2024-05-10 19:36:25,478 - train - INFO - Evaluating at epoch 20...
2024-05-10 19:36:27,558 - train - INFO - Dev loss: 0.595, acc: 0.753, F1: 0.710, recall: 0.753, precision: 0.699, best_thresh: 0.500
2024-05-10 19:36:27,558 - train - INFO - Visualizing in TensorBoard...
2024-05-10 19:36:27,559 - train - INFO - Starting epoch 21...
2024-05-10 19:36:40,125 - train - INFO - Evaluating at epoch 21...
2024-05-10 19:36:42,201 - train - INFO - Dev loss: 0.594, acc: 0.791, F1: 0.729, recall: 0.791, precision: 0.783, best_thresh: 0.500
2024-05-10 19:36:42,202 - train - INFO - Visualizing in TensorBoard...
2024-05-10 19:36:42,202 - train - INFO - Starting epoch 22...
2024-05-10 19:36:54,738 - train - INFO - Evaluating at epoch 22...
2024-05-10 19:36:56,825 - train - INFO - Dev loss: 0.592, acc: 0.780, F1: 0.748, recall: 0.780, precision: 0.737, best_thresh: 0.500
2024-05-10 19:36:56,825 - train - INFO - Visualizing in TensorBoard...
2024-05-10 19:36:56,826 - train - INFO - Starting epoch 23...
2024-05-10 19:37:09,431 - train - INFO - Evaluating at epoch 23...
2024-05-10 19:37:11,481 - train - INFO - Dev loss: 0.593, acc: 0.713, F1: 0.701, recall: 0.713, precision: 0.689, best_thresh: 0.500
2024-05-10 19:37:11,481 - train - INFO - Visualizing in TensorBoard...
2024-05-10 19:37:11,482 - train - INFO - Starting epoch 24...
2024-05-10 19:37:24,184 - train - INFO - Evaluating at epoch 24...
2024-05-10 19:37:26,255 - train - INFO - Dev loss: 0.596, acc: 0.669, F1: 0.665, recall: 0.669, precision: 0.662, best_thresh: 0.500
2024-05-10 19:37:26,255 - train - INFO - Visualizing in TensorBoard...
2024-05-10 19:37:26,256 - train - INFO - Starting epoch 25...
2024-05-10 19:37:39,001 - train - INFO - Evaluating at epoch 25...
2024-05-10 19:37:41,080 - train - INFO - Dev loss: 0.597, acc: 0.749, F1: 0.713, recall: 0.749, precision: 0.694, best_thresh: 0.500
2024-05-10 19:37:41,080 - train - INFO - Visualizing in TensorBoard...
2024-05-10 19:37:41,081 - train - INFO - Starting epoch 26...
2024-05-10 19:37:53,852 - train - INFO - Evaluating at epoch 26...
2024-05-10 19:37:55,924 - train - INFO - Dev loss: 0.595, acc: 0.753, F1: 0.712, recall: 0.753, precision: 0.693, best_thresh: 0.500
2024-05-10 19:37:55,924 - train - INFO - Visualizing in TensorBoard...
2024-05-10 19:37:55,925 - train - INFO - Starting epoch 27...
2024-05-10 19:38:08,464 - train - INFO - Evaluating at epoch 27...
2024-05-10 19:38:10,537 - train - INFO - Dev loss: 0.596, acc: 0.784, F1: 0.716, recall: 0.784, precision: 0.742, best_thresh: 0.500
2024-05-10 19:38:10,537 - train - INFO - Visualizing in TensorBoard...
2024-05-10 19:38:10,538 - train - INFO - Starting epoch 28...
2024-05-10 19:38:23,131 - train - INFO - Evaluating at epoch 28...
2024-05-10 19:38:25,189 - train - INFO - Dev loss: 0.596, acc: 0.764, F1: 0.724, recall: 0.764, precision: 0.710, best_thresh: 0.500
2024-05-10 19:38:25,189 - train - INFO - Visualizing in TensorBoard...
2024-05-10 19:38:25,190 - train - INFO - Starting epoch 29...
2024-05-10 19:38:37,774 - train - INFO - Evaluating at epoch 29...
2024-05-10 19:38:39,869 - train - INFO - Dev loss: 0.597, acc: 0.771, F1: 0.727, recall: 0.771, precision: 0.717, best_thresh: 0.500
2024-05-10 19:38:39,869 - train - INFO - Visualizing in TensorBoard...
2024-05-10 19:38:39,870 - train - INFO - Starting epoch 30...
2024-05-10 19:38:52,937 - train - INFO - Evaluating at epoch 30...
2024-05-10 19:38:55,062 - train - INFO - Dev loss: 0.599, acc: 0.720, F1: 0.696, recall: 0.720, precision: 0.677, best_thresh: 0.500
2024-05-10 19:38:55,062 - train - INFO - Visualizing in TensorBoard...
2024-05-10 19:38:55,063 - train - INFO - Starting epoch 31...
2024-05-10 19:39:08,115 - train - INFO - Evaluating at epoch 31...
2024-05-10 19:39:10,196 - train - INFO - Dev loss: 0.600, acc: 0.756, F1: 0.715, recall: 0.756, precision: 0.697, best_thresh: 0.500
2024-05-10 19:39:10,196 - train - INFO - Visualizing in TensorBoard...
2024-05-10 19:39:10,197 - train - INFO - Starting epoch 32...
2024-05-10 19:39:22,966 - train - INFO - Evaluating at epoch 32...
2024-05-10 19:39:25,037 - train - INFO - Dev loss: 0.602, acc: 0.729, F1: 0.717, recall: 0.729, precision: 0.707, best_thresh: 0.500
2024-05-10 19:39:25,038 - train - INFO - Visualizing in TensorBoard...
2024-05-10 19:39:25,038 - train - INFO - Starting epoch 33...
2024-05-10 19:39:37,900 - train - INFO - Evaluating at epoch 33...
2024-05-10 19:39:39,965 - train - INFO - Dev loss: 0.603, acc: 0.764, F1: 0.720, recall: 0.764, precision: 0.706, best_thresh: 0.500
2024-05-10 19:39:39,965 - train - INFO - Visualizing in TensorBoard...
2024-05-10 19:39:39,984 - train - INFO - Training DONE. Evaluating model...
2024-05-10 19:39:42,064 - train - INFO - DEV set prediction results: loss: 0.516, acc: 0.802, F1: 0.757, recall: 0.802, precision: 0.793, best_thresh: 0.500
2024-05-10 19:39:44,295 - train - INFO - TEST set prediction results: loss: 0.891, acc: 0.720, F1: 0.684, recall: 0.720, precision: 0.706, best_thresh: 0.500
2024-05-10 19:39:44,322 - train - INFO - Dataloaders saved to ./cached_data/dcrnn_classification_60s_dataloader.pkl
